<?xml version="1.0" encoding="UTF-8"?>
<robot generator="Robot 4.0.3 (Python 3.9.5 on win32)" generated="20210616 20:25:07.585" rpa="false" schemaversion="2">
<suite id="s1" name="ExercicioAula2" source="C:\GIT\Robot\Curso-PrimeExperts\testes\ExercicioAula2.robot">
<test id="s1-t1" name="Cenario: if dentro do for">
<kw name="Contador imprime no Console com If">
<for flavor="IN RANGE">
<var>${numero}</var>
<value>0</value>
<value>10</value>
<iter>
<var name="${numero}">0</var>
<if>
<branch type="IF" condition="'${numero}' == '5'">
<kw name="Log To Console" library="BuiltIn">
<arg>Estou no número:'${numero}'</arg>
<doc>Logs the given message to the console.</doc>
<status status="NOT RUN" starttime="20210616 20:25:07.624" endtime="20210616 20:25:07.624"/>
</kw>
<status status="NOT RUN" starttime="20210616 20:25:07.624" endtime="20210616 20:25:07.624"/>
</branch>
<branch type="ELSE IF" condition="'${numero}' == '8'">
<kw name="Log To Console" library="BuiltIn">
<arg>Estou no número:'${numero}'</arg>
<doc>Logs the given message to the console.</doc>
<status status="NOT RUN" starttime="20210616 20:25:07.624" endtime="20210616 20:25:07.624"/>
</kw>
<status status="NOT RUN" starttime="20210616 20:25:07.624" endtime="20210616 20:25:07.624"/>
</branch>
<status status="PASS" starttime="20210616 20:25:07.624" endtime="20210616 20:25:07.624"/>
</if>
<status status="PASS" starttime="20210616 20:25:07.623" endtime="20210616 20:25:07.624"/>
</iter>
<iter>
<var name="${numero}">1</var>
<if>
<branch type="IF" condition="'${numero}' == '5'">
<kw name="Log To Console" library="BuiltIn">
<arg>Estou no número:'${numero}'</arg>
<doc>Logs the given message to the console.</doc>
<status status="NOT RUN" starttime="20210616 20:25:07.625" endtime="20210616 20:25:07.625"/>
</kw>
<status status="NOT RUN" starttime="20210616 20:25:07.625" endtime="20210616 20:25:07.625"/>
</branch>
<branch type="ELSE IF" condition="'${numero}' == '8'">
<kw name="Log To Console" library="BuiltIn">
<arg>Estou no número:'${numero}'</arg>
<doc>Logs the given message to the console.</doc>
<status status="NOT RUN" starttime="20210616 20:25:07.625" endtime="20210616 20:25:07.625"/>
</kw>
<status status="NOT RUN" starttime="20210616 20:25:07.625" endtime="20210616 20:25:07.625"/>
</branch>
<status status="PASS" starttime="20210616 20:25:07.625" endtime="20210616 20:25:07.625"/>
</if>
<status status="PASS" starttime="20210616 20:25:07.625" endtime="20210616 20:25:07.625"/>
</iter>
<iter>
<var name="${numero}">2</var>
<if>
<branch type="IF" condition="'${numero}' == '5'">
<kw name="Log To Console" library="BuiltIn">
<arg>Estou no número:'${numero}'</arg>
<doc>Logs the given message to the console.</doc>
<status status="NOT RUN" starttime="20210616 20:25:07.626" endtime="20210616 20:25:07.626"/>
</kw>
<status status="NOT RUN" starttime="20210616 20:25:07.626" endtime="20210616 20:25:07.626"/>
</branch>
<branch type="ELSE IF" condition="'${numero}' == '8'">
<kw name="Log To Console" library="BuiltIn">
<arg>Estou no número:'${numero}'</arg>
<doc>Logs the given message to the console.</doc>
<status status="NOT RUN" starttime="20210616 20:25:07.626" endtime="20210616 20:25:07.627"/>
</kw>
<status status="NOT RUN" starttime="20210616 20:25:07.626" endtime="20210616 20:25:07.627"/>
</branch>
<status status="PASS" starttime="20210616 20:25:07.626" endtime="20210616 20:25:07.627"/>
</if>
<status status="PASS" starttime="20210616 20:25:07.625" endtime="20210616 20:25:07.627"/>
</iter>
<iter>
<var name="${numero}">3</var>
<if>
<branch type="IF" condition="'${numero}' == '5'">
<kw name="Log To Console" library="BuiltIn">
<arg>Estou no número:'${numero}'</arg>
<doc>Logs the given message to the console.</doc>
<status status="NOT RUN" starttime="20210616 20:25:07.627" endtime="20210616 20:25:07.627"/>
</kw>
<status status="NOT RUN" starttime="20210616 20:25:07.627" endtime="20210616 20:25:07.627"/>
</branch>
<branch type="ELSE IF" condition="'${numero}' == '8'">
<kw name="Log To Console" library="BuiltIn">
<arg>Estou no número:'${numero}'</arg>
<doc>Logs the given message to the console.</doc>
<status status="NOT RUN" starttime="20210616 20:25:07.627" endtime="20210616 20:25:07.628"/>
</kw>
<status status="NOT RUN" starttime="20210616 20:25:07.627" endtime="20210616 20:25:07.628"/>
</branch>
<status status="PASS" starttime="20210616 20:25:07.627" endtime="20210616 20:25:07.628"/>
</if>
<status status="PASS" starttime="20210616 20:25:07.627" endtime="20210616 20:25:07.628"/>
</iter>
<iter>
<var name="${numero}">4</var>
<if>
<branch type="IF" condition="'${numero}' == '5'">
<kw name="Log To Console" library="BuiltIn">
<arg>Estou no número:'${numero}'</arg>
<doc>Logs the given message to the console.</doc>
<status status="NOT RUN" starttime="20210616 20:25:07.628" endtime="20210616 20:25:07.628"/>
</kw>
<status status="NOT RUN" starttime="20210616 20:25:07.628" endtime="20210616 20:25:07.628"/>
</branch>
<branch type="ELSE IF" condition="'${numero}' == '8'">
<kw name="Log To Console" library="BuiltIn">
<arg>Estou no número:'${numero}'</arg>
<doc>Logs the given message to the console.</doc>
<status status="NOT RUN" starttime="20210616 20:25:07.628" endtime="20210616 20:25:07.628"/>
</kw>
<status status="NOT RUN" starttime="20210616 20:25:07.628" endtime="20210616 20:25:07.628"/>
</branch>
<status status="PASS" starttime="20210616 20:25:07.628" endtime="20210616 20:25:07.628"/>
</if>
<status status="PASS" starttime="20210616 20:25:07.628" endtime="20210616 20:25:07.629"/>
</iter>
<iter>
<var name="${numero}">5</var>
<if>
<branch type="IF" condition="'${numero}' == '5'">
<kw name="Log To Console" library="BuiltIn">
<arg>Estou no número:'${numero}'</arg>
<doc>Logs the given message to the console.</doc>
<status status="PASS" starttime="20210616 20:25:07.629" endtime="20210616 20:25:07.630"/>
</kw>
<status status="PASS" starttime="20210616 20:25:07.629" endtime="20210616 20:25:07.630"/>
</branch>
<branch type="ELSE IF" condition="'${numero}' == '8'">
<kw name="Log To Console" library="BuiltIn">
<arg>Estou no número:'${numero}'</arg>
<doc>Logs the given message to the console.</doc>
<status status="NOT RUN" starttime="20210616 20:25:07.631" endtime="20210616 20:25:07.631"/>
</kw>
<status status="NOT RUN" starttime="20210616 20:25:07.631" endtime="20210616 20:25:07.631"/>
</branch>
<status status="PASS" starttime="20210616 20:25:07.629" endtime="20210616 20:25:07.631"/>
</if>
<status status="PASS" starttime="20210616 20:25:07.629" endtime="20210616 20:25:07.631"/>
</iter>
<iter>
<var name="${numero}">6</var>
<if>
<branch type="IF" condition="'${numero}' == '5'">
<kw name="Log To Console" library="BuiltIn">
<arg>Estou no número:'${numero}'</arg>
<doc>Logs the given message to the console.</doc>
<status status="NOT RUN" starttime="20210616 20:25:07.631" endtime="20210616 20:25:07.632"/>
</kw>
<status status="NOT RUN" starttime="20210616 20:25:07.631" endtime="20210616 20:25:07.632"/>
</branch>
<branch type="ELSE IF" condition="'${numero}' == '8'">
<kw name="Log To Console" library="BuiltIn">
<arg>Estou no número:'${numero}'</arg>
<doc>Logs the given message to the console.</doc>
<status status="NOT RUN" starttime="20210616 20:25:07.632" endtime="20210616 20:25:07.632"/>
</kw>
<status status="NOT RUN" starttime="20210616 20:25:07.632" endtime="20210616 20:25:07.632"/>
</branch>
<status status="PASS" starttime="20210616 20:25:07.631" endtime="20210616 20:25:07.632"/>
</if>
<status status="PASS" starttime="20210616 20:25:07.631" endtime="20210616 20:25:07.632"/>
</iter>
<iter>
<var name="${numero}">7</var>
<if>
<branch type="IF" condition="'${numero}' == '5'">
<kw name="Log To Console" library="BuiltIn">
<arg>Estou no número:'${numero}'</arg>
<doc>Logs the given message to the console.</doc>
<status status="NOT RUN" starttime="20210616 20:25:07.632" endtime="20210616 20:25:07.632"/>
</kw>
<status status="NOT RUN" starttime="20210616 20:25:07.632" endtime="20210616 20:25:07.632"/>
</branch>
<branch type="ELSE IF" condition="'${numero}' == '8'">
<kw name="Log To Console" library="BuiltIn">
<arg>Estou no número:'${numero}'</arg>
<doc>Logs the given message to the console.</doc>
<status status="NOT RUN" starttime="20210616 20:25:07.633" endtime="20210616 20:25:07.633"/>
</kw>
<status status="NOT RUN" starttime="20210616 20:25:07.633" endtime="20210616 20:25:07.633"/>
</branch>
<status status="PASS" starttime="20210616 20:25:07.632" endtime="20210616 20:25:07.633"/>
</if>
<status status="PASS" starttime="20210616 20:25:07.632" endtime="20210616 20:25:07.633"/>
</iter>
<iter>
<var name="${numero}">8</var>
<if>
<branch type="IF" condition="'${numero}' == '5'">
<kw name="Log To Console" library="BuiltIn">
<arg>Estou no número:'${numero}'</arg>
<doc>Logs the given message to the console.</doc>
<status status="NOT RUN" starttime="20210616 20:25:07.633" endtime="20210616 20:25:07.634"/>
</kw>
<status status="NOT RUN" starttime="20210616 20:25:07.633" endtime="20210616 20:25:07.634"/>
</branch>
<branch type="ELSE IF" condition="'${numero}' == '8'">
<kw name="Log To Console" library="BuiltIn">
<arg>Estou no número:'${numero}'</arg>
<doc>Logs the given message to the console.</doc>
<status status="PASS" starttime="20210616 20:25:07.634" endtime="20210616 20:25:07.635"/>
</kw>
<status status="PASS" starttime="20210616 20:25:07.634" endtime="20210616 20:25:07.635"/>
</branch>
<status status="PASS" starttime="20210616 20:25:07.633" endtime="20210616 20:25:07.635"/>
</if>
<status status="PASS" starttime="20210616 20:25:07.633" endtime="20210616 20:25:07.635"/>
</iter>
<iter>
<var name="${numero}">9</var>
<if>
<branch type="IF" condition="'${numero}' == '5'">
<kw name="Log To Console" library="BuiltIn">
<arg>Estou no número:'${numero}'</arg>
<doc>Logs the given message to the console.</doc>
<status status="NOT RUN" starttime="20210616 20:25:07.635" endtime="20210616 20:25:07.636"/>
</kw>
<status status="NOT RUN" starttime="20210616 20:25:07.635" endtime="20210616 20:25:07.636"/>
</branch>
<branch type="ELSE IF" condition="'${numero}' == '8'">
<kw name="Log To Console" library="BuiltIn">
<arg>Estou no número:'${numero}'</arg>
<doc>Logs the given message to the console.</doc>
<status status="NOT RUN" starttime="20210616 20:25:07.636" endtime="20210616 20:25:07.636"/>
</kw>
<status status="NOT RUN" starttime="20210616 20:25:07.636" endtime="20210616 20:25:07.636"/>
</branch>
<status status="PASS" starttime="20210616 20:25:07.635" endtime="20210616 20:25:07.636"/>
</if>
<status status="PASS" starttime="20210616 20:25:07.635" endtime="20210616 20:25:07.636"/>
</iter>
<status status="PASS" starttime="20210616 20:25:07.623" endtime="20210616 20:25:07.636"/>
</for>
<status status="PASS" starttime="20210616 20:25:07.622" endtime="20210616 20:25:07.636"/>
</kw>
<tag>IF-LOOP</tag>
<status status="PASS" starttime="20210616 20:25:07.621" endtime="20210616 20:25:07.637"/>
</test>
<doc>Aqui estarão todos os exercícios do Prime Experts
focado em Imersão com Robot Framework</doc>
<status status="PASS" starttime="20210616 20:25:07.586" endtime="20210616 20:25:07.639"/>
</suite>
<statistics>
<total>
<stat pass="1" fail="0" skip="0">All Tests</stat>
</total>
<tag>
<stat pass="1" fail="0" skip="0">IF-LOOP</stat>
</tag>
<suite>
<stat pass="1" fail="0" skip="0" id="s1" name="ExercicioAula2">ExercicioAula2</stat>
</suite>
</statistics>
<errors>
</errors>
</robot>
