<?xml version="1.0" encoding="UTF-8"?>
<robot generator="Robot 4.0.3 (Python 3.9.5 on win32)" generated="20210615 21:54:57.503" rpa="false" schemaversion="2">
<suite id="s1" name="Exercicio" source="C:\GIT\Robot\Curso-PrimeExperts\testes\Exercicio.robot">
<test id="s1-t1" name="Cenario: Realizar Somar - exemplo 2">
<kw name="Somar dois numeros &quot;13&quot; e &quot;11&quot;" sourcename="Somar dois numeros &quot;${NUM_A}&quot; e &quot;${NUM_B}&quot;">
<var>${RESULTADO}</var>
<kw name="Evaluate" library="BuiltIn">
<var>${SOMA}</var>
<arg>${NUM_A}+${NUM_B}</arg>
<doc>Evaluates the given expression in Python and returns the result.</doc>
<msg timestamp="20210615 21:54:57.565" level="INFO">${SOMA} = 24</msg>
<status status="PASS" starttime="20210615 21:54:57.564" endtime="20210615 21:54:57.565"/>
</kw>
<msg timestamp="20210615 21:54:57.565" level="INFO">${RESULTADO} = 24</msg>
<status status="PASS" starttime="20210615 21:54:57.563" endtime="20210615 21:54:57.565"/>
</kw>
<kw name="Log To Console" library="BuiltIn">
<arg>${RESULTADO}</arg>
<doc>Logs the given message to the console.</doc>
<status status="PASS" starttime="20210615 21:54:57.567" endtime="20210615 21:54:57.569"/>
</kw>
<tag>SOMA2</tag>
<status status="PASS" starttime="20210615 21:54:57.561" endtime="20210615 21:54:57.570"/>
</test>
<doc>Aqui estarão todos os exercícios do Prime Experts
focado em Imersão com Robot Framework</doc>
<status status="PASS" starttime="20210615 21:54:57.507" endtime="20210615 21:54:57.573"/>
</suite>
<statistics>
<total>
<stat pass="1" fail="0" skip="0">All Tests</stat>
</total>
<tag>
<stat pass="1" fail="0" skip="0">SOMA2</stat>
</tag>
<suite>
<stat pass="1" fail="0" skip="0" id="s1" name="Exercicio">Exercicio</stat>
</suite>
</statistics>
<errors>
</errors>
</robot>
